[
    {
        "Condition": {
            "LitType": 2,
            "Value": "true",
            "Type": "Literal",
            "File": "test.sph",
            "Line": 7,
            "Column": 11
        },
        "Body": [
            {
                "Args": [
                    {
                        "LitType": 0,
                        "Value": "yes",
                        "Type": "Literal",
                        "File": "test.sph",
                        "Line": 8,
                        "Column": 11
                    }
                ],
                "Type": "Outln",
                "File": "test.sph",
                "Line": 8,
                "Column": 5
            }
        ],
        "Type": "While",
        "File": "test.sph",
        "Line": 7,
        "Column": 1
    },
    {
        "Name": {
            "Name": "main",
            "Prefix": null,
            "Type": "Identifier",
            "File": "test.sph",
            "Line": 11,
            "Column": 1
        },
        "ReturnType": {
            "Name": "void",
            "Prefix": null,
            "Type": "Identifier",
            "File": "test.sph",
            "Line": 11,
            "Column": 5
        },
        "Params": [],
        "Body": [
            {
                "Start": {
                    "LitType": 1,
                    "Value": "0",
                    "Type": "Literal",
                    "File": "test.sph",
                    "Line": 12,
                    "Column": 9
                },
                "End": {
                    "LitType": 1,
                    "Value": "100",
                    "Type": "Literal",
                    "File": "test.sph",
                    "Line": 12,
                    "Column": 11
                },
                "Id": {
                    "Name": "i",
                    "Prefix": null,
                    "Type": "Identifier",
                    "File": "test.sph",
                    "Line": 12,
                    "Column": 15
                },
                "Body": [
                    {
                        "Cond": {
                            "Left": {
                                "Left": {
                                    "Name": "i",
                                    "Prefix": {
                                        "Value": "$",
                                        "Type": 16,
                                        "File": "test.sph",
                                        "Line": 13,
                                        "Column": 14
                                    },
                                    "Type": "Identifier",
                                    "File": "test.sph",
                                    "Line": 13,
                                    "Column": 14
                                },
                                "Right": {
                                    "LitType": 1,
                                    "Value": "3",
                                    "Type": "Literal",
                                    "File": "test.sph",
                                    "Line": 13,
                                    "Column": 19
                                },
                                "Value": "%",
                                "OpType": 20,
                                "Type": "Operator",
                                "File": "test.sph",
                                "Line": 13,
                                "Column": 17
                            },
                            "Right": {
                                "Left": {
                                    "Name": "b",
                                    "Prefix": {
                                        "Value": "$",
                                        "Type": 16,
                                        "File": "test.sph",
                                        "Line": 13,
                                        "Column": 24
                                    },
                                    "Type": "Identifier",
                                    "File": "test.sph",
                                    "Line": 13,
                                    "Column": 24
                                },
                                "Right": {
                                    "LitType": 1,
                                    "Value": "5",
                                    "Type": "Literal",
                                    "File": "test.sph",
                                    "Line": 13,
                                    "Column": 29
                                },
                                "Value": "%",
                                "OpType": 20,
                                "Type": "Operator",
                                "File": "test.sph",
                                "Line": 13,
                                "Column": 27
                            },
                            "Value": "&&",
                            "OpType": 21,
                            "Type": "Operator",
                            "File": "test.sph",
                            "Line": 13,
                            "Column": 21
                        },
                        "Body": [
                            {
                                "Args": [
                                    {
                                        "LitType": 0,
                                        "Value": "FizzBuzz",
                                        "Type": "Literal",
                                        "File": "test.sph",
                                        "Line": 14,
                                        "Column": 19
                                    }
                                ],
                                "Type": "Outln",
                                "File": "test.sph",
                                "Line": 14,
                                "Column": 13
                            }
                        ],
                        "Type": "If",
                        "File": "test.sph",
                        "Line": 13,
                        "Column": 11
                    },
                    {
                        "Args": [
                            {
                                "LitType": 0,
                                "Value": "Fizz",
                                "Type": "Literal",
                                "File": "test.sph",
                                "Line": 17,
                                "Column": 19
                            }
                        ],
                        "Type": "Outln",
                        "File": "test.sph",
                        "Line": 17,
                        "Column": 13
                    },
                    {
                        "Cond": {
                            "Left": {
                                "Name": "i",
                                "Prefix": {
                                    "Value": "$",
                                    "Type": 16,
                                    "File": "test.sph",
                                    "Line": 19,
                                    "Column": 14
                                },
                                "Type": "Identifier",
                                "File": "test.sph",
                                "Line": 19,
                                "Column": 14
                            },
                            "Right": {
                                "LitType": 1,
                                "Value": "5",
                                "Type": "Literal",
                                "File": "test.sph",
                                "Line": 19,
                                "Column": 19
                            },
                            "Value": "%",
                            "OpType": 20,
                            "Type": "Operator",
                            "File": "test.sph",
                            "Line": 19,
                            "Column": 17
                        },
                        "Body": [
                            {
                                "Args": [
                                    {
                                        "LitType": 0,
                                        "Value": "Buzz",
                                        "Type": "Literal",
                                        "File": "test.sph",
                                        "Line": 20,
                                        "Column": 19
                                    }
                                ],
                                "Type": "Outln",
                                "File": "test.sph",
                                "Line": 20,
                                "Column": 13
                            }
                        ],
                        "Type": "Elif",
                        "File": "test.sph",
                        "Line": 19,
                        "Column": 9
                    },
                    {
                        "Args": [
                            {
                                "Name": "i",
                                "Prefix": {
                                    "Value": "$",
                                    "Type": 16,
                                    "File": "test.sph",
                                    "Line": 23,
                                    "Column": 19
                                },
                                "Type": "Identifier",
                                "File": "test.sph",
                                "Line": 23,
                                "Column": 19
                            }
                        ],
                        "Type": "Outln",
                        "File": "test.sph",
                        "Line": 23,
                        "Column": 13
                    }
                ],
                "Type": "For",
                "File": "test.sph",
                "Line": 12,
                "Column": 5
            }
        ],
        "Type": "Function",
        "File": "test.sph",
        "Line": 11,
        "Column": 5
    },
    {
        "Type": "EOF",
        "File": "test.sph",
        "Line": 26,
        "Column": 2
    }
]